<?xml version="1.0" encoding="UTF-8"?>
<!-- Generated by org.testng.reporters.JUnitReportReporter -->
<testsuite skipped="0" hostname="DESKTOP-530STT9" name="com.test.api.TestNGClass.IdAuth" tests="1" failures="0" timestamp="11 四月 2019 05:48:42 GMT" time="0.051" errors="0">
  <testcase name="f" time="0.051" classname="com.test.api.TestNGClass.IdAuth"/>
</testsuite> <!-- com.test.api.TestNGClass.IdAuth -->
